https://www.onefc.com/athletes/ikko-ota/
https://www.onefc.com/athletes/imad-salhi/
https://www.onefc.com/athletes/iman-barlow/
https://www.onefc.com/athletes/iony-lawrence/
https://www.onefc.com/athletes/isaac-araya/
https://www.onefc.com/athletes/isaac-mohammed/
https://www.onefc.com/athletes/isannuea-tor-tanjaroen/
https://www.onefc.com/athletes/islay-erika-bomogao/
https://www.onefc.com/athletes/issei-yonaha/
https://www.onefc.com/athletes/iuri-lapicus/
https://www.onefc.com/athletes/ivan-bondarchuk/
https://www.onefc.com/athletes/jack-jackmuaythai-gym/
https://www.onefc.com/athletes/allycia-hellen-rodrigues/
https://www.onefc.com/athletes/chingiz-allazov/
https://www.onefc.com/athletes/jackie-buntan/
https://www.onefc.com/athletes/jonathan-haggerty/
https://www.onefc.com/athletes/joseph-lasiri/
https://www.onefc.com/athletes/nabil-anane/
https://www.onefc.com/athletes/nong-o/
https://www.onefc.com/athletes/petchtanong/
https://www.onefc.com/athletes/phetjeeja/
https://www.onefc.com/athletes/prajanchai/
https://www.onefc.com/athletes/regian-eersel/
https://www.onefc.com/athletes/rodtang/
https://www.onefc.com/athletes/roman-kryklia/
https://www.onefc.com/athletes/smilla-sundell/
https://www.onefc.com/athletes/stamp/
https://www.onefc.com/athletes/superbon/
https://www.onefc.com/athletes/superlek/
https://www.onefc.com/athletes/tawanchai/
https://www.onefc.com/athletes/aaron-canarte/
https://www.onefc.com/athletes/abdallah-ondash/
https://www.onefc.com/athletes/abdelali-zahidi/
https://www.onefc.com/athletes/abdessamie-rhenimi/
https://www.onefc.com/athletes/abdulla-dayakaev/
https://www.onefc.com/athletes/adam-sor-dechapan/
https://www.onefc.com/athletes/allycia-hellen-rodrigues/
https://www.onefc.com/athletes/allycia-hellen-rodrigues/
https://www.onefc.com/athletes/ahavat-gordon/
https://www.onefc.com/athletes/akbar-abdullaev/
https://www.onefc.com/athletes/akkaradet-guaybangkorlaem/
https://www.onefc.com/athletes/akram-hamidi/
https://www.onefc.com/athletes/antonio-piana/
https://www.onefc.com/athletes/anurak-wankhongohm-mbk/
https://www.onefc.com/athletes/apidet-fiatpathum/
https://www.onefc.com/athletes/apidet-namduemmee77/
https://www.onefc.com/athletes/apisit-fairtex/
https://www.onefc.com/athletes/apiwat-sor-somnuk/
https://www.onefc.com/athletes/allycia-hellen-rodrigues/
https://www.onefc.com/athletes/allycia-hellen-rodrigues/
https://www.onefc.com/athletes/allycia-hellen-rodrigues/
https://www.onefc.com/athletes/allycia-hellen-rodrigues/
https://www.onefc.com/athletes/stamp/
https://www.onefc.com/athletes/superbon/
https://www.onefc.com/athletes/superlek/
https://www.onefc.com/athletes/tawanchai/
https://www.onefc.com/athletes/aaron-canarte/
https://www.onefc.com/athletes/abdallah-ondash/
https://www.onefc.com/athletes/abdelali-zahidi/
https://www.onefc.com/athletes/abdessamie-rhenimi/
https://www.onefc.com/athletes/abdulla-dayakaev/
https://www.onefc.com/athletes/adam-sor-dechapan/
